/*C17*/SET SCHEMA PUBLIC
INSERT INTO PRODUTO VALUES(15,'TV','FULL HD')
COMMIT
INSERT INTO PRODUTO VALUES(16,'SOM','WIFI')
COMMIT
DISCONNECT
/*C19*/SET SCHEMA PUBLIC
INSERT INTO PRODUTO VALUES(17,'TV','FULL HD')
COMMIT
DISCONNECT
/*C20*/SET SCHEMA PUBLIC
INSERT INTO PRODUTO VALUES(18,'TV LCD','32 polegadas')
COMMIT
DISCONNECT
/*C18*/SET SCHEMA PUBLIC
DELETE FROM PRODUTO WHERE ID=1
DELETE FROM PRODUTO WHERE ID=2
DELETE FROM PRODUTO WHERE ID=3
DELETE FROM PRODUTO WHERE ID=4
DELETE FROM PRODUTO WHERE ID=5
DELETE FROM PRODUTO WHERE ID=8
DELETE FROM PRODUTO WHERE ID=9
DELETE FROM PRODUTO WHERE ID=10
DELETE FROM PRODUTO WHERE ID=11
DELETE FROM PRODUTO WHERE ID=12
DELETE FROM PRODUTO WHERE ID=13
DELETE FROM PRODUTO WHERE ID=14
DELETE FROM PRODUTO WHERE ID=15
DELETE FROM PRODUTO WHERE ID=16
DELETE FROM PRODUTO WHERE ID=17
DELETE FROM PRODUTO WHERE ID=18
COMMIT
/*C21*/SET SCHEMA PUBLIC
INSERT INTO PRODUTO VALUES(19,'TV LCD','32 polegadas')
COMMIT
DISCONNECT
/*C18*/DELETE FROM PRODUTO WHERE ID=19
COMMIT
/*C22*/SET SCHEMA PUBLIC
DISCONNECT
/*C23*/SET SCHEMA PUBLIC
INSERT INTO PRODUTO VALUES(21,'Notebook','Notebook i5')
COMMIT
SET SCHEMA PUBLIC
DISCONNECT
/*C24*/SET SCHEMA PUBLIC
DISCONNECT
/*C25*/SET SCHEMA PUBLIC
INSERT INTO PRODUTO VALUES(23,'Mesa Azul','Mesa com 4 p\u00e9s')
COMMIT
SET SCHEMA PUBLIC
DISCONNECT
/*C26*/SET SCHEMA PUBLIC
INSERT INTO PRODUTO VALUES(24,'Mesa Azul','Mesa com 4 p\u00e9s')
COMMIT
SET SCHEMA PUBLIC
DISCONNECT
/*C27*/SET SCHEMA PUBLIC
INSERT INTO PRODUTO VALUES(25,'Mesa Azul','Mesa com 4 p\u00e9s')
COMMIT
SET SCHEMA PUBLIC
DISCONNECT
/*C18*/create table Categoria (id integer generated by default as identity primary key, nome varchar(255))
INSERT INTO CATEGORIA VALUES(0,'Eletrodom\u00e9stico')
COMMIT
INSERT INTO CATEGORIA VALUES(1,'Eletr\u00f4nico')
COMMIT
INSERT INTO CATEGORIA VALUES(2,'M\u00f3vel')
COMMIT
alter table Produto add column categoria_id integer
DELETE FROM PRODUTO WHERE ID=21
DELETE FROM PRODUTO WHERE ID=23
DELETE FROM PRODUTO WHERE ID=24
DELETE FROM PRODUTO WHERE ID=25
INSERT INTO PRODUTO VALUES(21,'Notebook','Notebook i5',2)
INSERT INTO PRODUTO VALUES(23,'Mesa Azul','Mesa com 4 p\u00e9s',2)
INSERT INTO PRODUTO VALUES(24,'Mesa Azul','Mesa com 4 p\u00e9s',2)
INSERT INTO PRODUTO VALUES(25,'Mesa Azul','Mesa com 4 p\u00e9s',2)
COMMIT
/*C28*/SET SCHEMA PUBLIC
DISCONNECT
